2022-09-06 14:37:02,136 INFO o.a.j.u.JMeterUtils: Setting Locale to zh_CN
2022-09-06 14:37:02,152 INFO o.a.j.JMeter: Loading user properties from: user.properties
2022-09-06 14:37:02,152 INFO o.a.j.JMeter: Loading system properties from: system.properties
2022-09-06 14:37:02,152 INFO o.a.j.JMeter: Setting JMeter property: jmeter.save.saveservice.output_format=xml
2022-09-06 14:37:02,152 INFO o.a.j.JMeter: Copyright (c) 1998-2020 The Apache Software Foundation
2022-09-06 14:37:02,152 INFO o.a.j.JMeter: Version 5.3
2022-09-06 14:37:02,152 INFO o.a.j.JMeter: java.version=1.8.0_281
2022-09-06 14:37:02,152 INFO o.a.j.JMeter: java.vm.name=Java HotSpot(TM) 64-Bit Server VM
2022-09-06 14:37:02,152 INFO o.a.j.JMeter: os.name=Windows Server 2019
2022-09-06 14:37:02,152 INFO o.a.j.JMeter: os.arch=amd64
2022-09-06 14:37:02,152 INFO o.a.j.JMeter: os.version=10.0
2022-09-06 14:37:02,152 INFO o.a.j.JMeter: file.encoding=GBK
2022-09-06 14:37:02,152 INFO o.a.j.JMeter: java.awt.headless=true
2022-09-06 14:37:02,152 INFO o.a.j.JMeter: Max memory     =1398276096
2022-09-06 14:37:02,152 INFO o.a.j.JMeter: Available Processors =4
2022-09-06 14:37:02,168 INFO o.a.j.JMeter: Default Locale=中文 (中国)
2022-09-06 14:37:02,168 INFO o.a.j.JMeter: JMeter  Locale=中文 (中国)
2022-09-06 14:37:02,168 INFO o.a.j.JMeter: JMeterHome=C:\ant调用jmeter\interface_test\apache-jmeter-5.3
2022-09-06 14:37:02,168 INFO o.a.j.JMeter: user.dir  =C:\ant调用jmeter\interface_test\apache-jmeter-5.3\bin
2022-09-06 14:37:02,168 INFO o.a.j.JMeter: PWD       =C:\ant调用jmeter\interface_test\apache-jmeter-5.3\bin
2022-09-06 14:37:02,168 INFO o.a.j.JMeter: IP: 192.168.2.157 Name: WIN-2OI07QGJ8SU FullName: WIN-2OI07QGJ8SU
2022-09-06 14:37:02,168 INFO o.a.j.s.FileServer: Default base='C:\ant调用jmeter\interface_test\apache-jmeter-5.3\bin'
2022-09-06 14:37:02,168 INFO o.a.j.s.FileServer: Set new base='C:\ant调用jmeter\interface_test\script'
2022-09-06 14:37:02,292 INFO o.a.j.s.SaveService: Testplan (JMX) version: 2.2. Testlog (JTL) version: 2.2
2022-09-06 14:37:02,307 INFO o.a.j.s.SaveService: Using SaveService properties file encoding UTF-8
2022-09-06 14:37:02,307 INFO o.a.j.s.SaveService: Using SaveService properties version 5.0
2022-09-06 14:37:02,307 INFO o.a.j.s.SaveService: Loading file: C:\ant调用jmeter\interface_test\script\Demo.jmx
2022-09-06 14:37:02,355 INFO o.a.j.p.h.c.CookieManager: Settings: Delete null: true Check: true Allow variable: true Save: false Prefix: COOKIE_
2022-09-06 14:37:02,620 INFO o.a.j.p.h.s.HTTPSamplerBase: Parser for text/html is org.apache.jmeter.protocol.http.parser.LagartoBasedHtmlParser
2022-09-06 14:37:02,636 INFO o.a.j.p.h.s.HTTPSamplerBase: Parser for application/xhtml+xml is org.apache.jmeter.protocol.http.parser.LagartoBasedHtmlParser
2022-09-06 14:37:02,636 INFO o.a.j.p.h.s.HTTPSamplerBase: Parser for application/xml is org.apache.jmeter.protocol.http.parser.LagartoBasedHtmlParser
2022-09-06 14:37:02,636 INFO o.a.j.p.h.s.HTTPSamplerBase: Parser for text/xml is org.apache.jmeter.protocol.http.parser.LagartoBasedHtmlParser
2022-09-06 14:37:02,636 INFO o.a.j.p.h.s.HTTPSamplerBase: Parser for text/vnd.wap.wml is org.apache.jmeter.protocol.http.parser.RegexpHTMLParser
2022-09-06 14:37:02,636 INFO o.a.j.p.h.s.HTTPSamplerBase: Parser for text/css is org.apache.jmeter.protocol.http.parser.CssParser
2022-09-06 14:37:02,911 INFO o.a.j.e.KeyToolUtils: keytool found at 'keytool'
2022-09-06 14:37:02,911 INFO o.a.j.p.h.p.ProxyControl: HTTP(S) Test Script Recorder SSL Proxy will use keys that support embedded 3rd party resources in file C:\ant调用jmeter\interface_test\apache-jmeter-5.3\bin\proxyserver.jks
2022-09-06 14:37:02,973 INFO o.a.j.JMeter: Creating summariser <summary>
2022-09-06 14:37:02,973 INFO o.a.j.e.StandardJMeterEngine: Running the test!
2022-09-06 14:37:02,973 INFO o.a.j.s.SampleEvent: List of sample_variables: []
2022-09-06 14:37:02,973 INFO o.a.j.s.SampleEvent: List of sample_variables: []
2022-09-06 14:37:02,973 INFO o.a.j.e.u.CompoundVariable: Note: Function class names must contain the string: '.functions.'
2022-09-06 14:37:02,973 INFO o.a.j.e.u.CompoundVariable: Note: Function class names must not contain the string: '.gui.'
2022-09-06 14:37:03,114 WARN o.a.j.r.ResultCollector: Error creating directories for E:\博客_微信公众号_51cto\jmeter视频教程\脚本模版\开发脚本模版\demo\script
2022-09-06 14:37:03,114 INFO o.a.j.JMeter: 正在运行的测试 (1662446223114)
2022-09-06 14:37:03,177 INFO o.a.j.e.StandardJMeterEngine: Starting ThreadGroup: 1 : 控制台
2022-09-06 14:37:03,177 INFO o.a.j.e.StandardJMeterEngine: Starting 1 threads for group 控制台.
2022-09-06 14:37:03,177 INFO o.a.j.e.StandardJMeterEngine: Thread will continue on error
2022-09-06 14:37:03,177 INFO o.a.j.t.ThreadGroup: Starting thread group... number=1 threads=1 ramp-up=1 delayedStart=false
2022-09-06 14:37:03,207 INFO o.a.j.t.ThreadGroup: Started thread group number 1
2022-09-06 14:37:03,207 INFO o.a.j.e.StandardJMeterEngine: All thread groups have been started
2022-09-06 14:37:03,223 INFO o.a.j.s.SampleResult: Note: Sample TimeStamps are START times
2022-09-06 14:37:03,223 INFO o.a.j.s.SampleResult: sampleresult.default.encoding is set to utf-8
2022-09-06 14:37:03,223 INFO o.a.j.s.SampleResult: sampleresult.useNanoTime=true
2022-09-06 14:37:03,223 INFO o.a.j.s.SampleResult: sampleresult.nanoThreadSleep=5000
2022-09-06 14:37:03,223 INFO o.a.j.t.JMeterThread: Thread started: 控制台 1-1
2022-09-06 14:37:03,223 INFO o.a.j.s.FileServer: Stored: ../data/result.csv
2022-09-06 14:37:03,333 INFO o.a.j.r.Summariser: summary +      1 in 00:00:00 =    4.6/s Avg:     4 Min:     4 Max:     4 Err:     0 (0.00%) Active: 1 Started: 1 Finished: 0
2022-09-06 14:37:03,349 INFO o.a.j.p.h.s.HTTPHCAbstractImpl: Local host = WIN-2OI07QGJ8SU
2022-09-06 14:37:03,349 INFO o.a.j.p.h.s.HTTPHC4Impl: HTTP request retry count = 0
2022-09-06 14:37:03,441 INFO o.a.j.p.h.s.h.LazyLayeredConnectionSocketFactory: Setting up HTTPS TrustAll Socket Factory
2022-09-06 14:37:03,441 INFO o.a.j.u.JsseSSLManager: Using default SSL protocol: TLS
2022-09-06 14:37:03,441 INFO o.a.j.u.JsseSSLManager: SSL session context: per-thread
2022-09-06 14:37:03,692 INFO o.a.j.u.SSLManager: JmeterKeyStore Location:  type JKS
2022-09-06 14:37:03,692 INFO o.a.j.u.SSLManager: KeyStore created OK
2022-09-06 14:37:03,692 WARN o.a.j.u.SSLManager: Keystore file not found, loading empty keystore
2022-09-06 14:37:04,129 INFO o.a.j.t.JMeterThread: Thread is done: 控制台 1-1
2022-09-06 14:37:04,129 INFO o.a.j.t.JMeterThread: Thread finished: 控制台 1-1
2022-09-06 14:37:04,146 INFO o.a.j.e.StandardJMeterEngine: Notifying test listeners of end of test
2022-09-06 14:37:04,146 INFO o.a.j.s.FileServer: Close: ../data/result.csv
2022-09-06 14:37:04,146 INFO o.a.j.r.Summariser: summary +      6 in 00:00:01 =    7.4/s Avg:   109 Min:     1 Max:   491 Err:     0 (0.00%) Active: 0 Started: 1 Finished: 1
2022-09-06 14:37:04,146 INFO o.a.j.r.Summariser: summary =      7 in 00:00:01 =    6.8/s Avg:    94 Min:     1 Max:   491 Err:     0 (0.00%)
2022-09-06 14:37:04,146 INFO o.a.j.e.StandardJMeterEngine: Forced JVM shutdown requested at end of test
